3:14:41 PM  [main] 	Initializing Control Panel
3:14:41 PM  [main] 	Windows Version:  Home  64-bit
3:14:42 PM  [main] 	XAMPP Version: 5.6.30
3:14:42 PM  [main] 	Control Panel Version: 3.2.2  [ Compiled: Nov 12th 2015 ]
3:14:42 PM  [main] 	You are not running with administrator rights! This will work for
3:14:42 PM  [main] 	most application stuff but whenever you do something with services
3:14:42 PM  [main] 	there will be a security dialogue or things will break! So think 
3:14:42 PM  [main] 	about running this application with administrator rights!
3:14:42 PM  [main] 	XAMPP Installation Directory: "c:\xampp\"
3:14:42 PM  [main] 	Checking for prerequisites
3:14:54 PM  [main] 	All prerequisites found
3:14:54 PM  [main] 	Initializing Modules
3:14:55 PM  [main] 	Starting Check-Timer
3:14:55 PM  [main] 	Control Panel Ready
3:14:59 PM  [Apache] 	Attempting to start Apache app...
3:14:59 PM  [Apache] 	Status change detected: running
3:15:00 PM  [mysql] 	Attempting to start MySQL app...
3:15:10 PM  [mysql] 	Status change detected: running
9:11:03 PM  [main] 	Deinitializing Modules
9:11:03 PM  [main] 	Deinitializing Control Panel

5:43:25 PM  [main] 	Initializing Control Panel
5:43:25 PM  [main] 	Windows Version:  Home  64-bit
5:43:25 PM  [main] 	XAMPP Version: 5.6.30
5:43:25 PM  [main] 	Control Panel Version: 3.2.2  [ Compiled: Nov 12th 2015 ]
5:43:25 PM  [main] 	You are not running with administrator rights! This will work for
5:43:25 PM  [main] 	most application stuff but whenever you do something with services
5:43:25 PM  [main] 	there will be a security dialogue or things will break! So think 
5:43:25 PM  [main] 	about running this application with administrator rights!
5:43:25 PM  [main] 	XAMPP Installation Directory: "c:\xampp\"
5:43:25 PM  [main] 	Checking for prerequisites
5:44:04 PM  [main] 	All prerequisites found
5:44:04 PM  [main] 	Initializing Modules
5:44:04 PM  [main] 	Starting Check-Timer
5:44:04 PM  [main] 	Control Panel Ready
5:44:17 PM  [Apache] 	Attempting to start Apache app...
5:44:17 PM  [Apache] 	Status change detected: running
5:44:18 PM  [mysql] 	Attempting to start MySQL app...
5:44:23 PM  [mysql] 	Status change detected: running
5:46:22 PM  [mysql] 	Attempting to stop MySQL app...
5:46:22 PM  [mysql] 	Status change detected: stopped
5:46:24 PM  [Apache] 	Attempting to stop Apache (PID: 11816)
5:46:24 PM  [Apache] 	Attempting to stop Apache (PID: 9856)
5:46:24 PM  [Apache] 	Status change detected: stopped
5:46:27 PM  [mysql] 	Attempting to start MySQL app...
5:46:27 PM  [mysql] 	Status change detected: running
5:46:41 PM  [main] 	Executing "c:\xampp\"
5:46:55 PM  [main] 	Executing "services.msc"
5:47:05 PM  [Apache] 	Attempting to start Apache app...
5:47:05 PM  [Apache] 	Status change detected: running
7:50:46 PM  [Apache] 	Status change detected: stopped
7:50:46 PM  [Apache] 	Error: Apache shutdown unexpectedly.
7:50:46 PM  [Apache] 	This may be due to a blocked port, missing dependencies, 
7:50:46 PM  [Apache] 	improper privileges, a crash, or a shutdown by another method.
7:50:46 PM  [Apache] 	Press the Logs button to view error logs and check
7:50:46 PM  [Apache] 	the Windows Event Viewer for more clues
7:50:46 PM  [Apache] 	If you need more help, copy and post this
7:50:46 PM  [Apache] 	entire log window on the forums
7:50:46 PM  [Apache] 	Status change detected: running
7:54:13 PM  [Apache] 	Status change detected: stopped
7:54:13 PM  [Apache] 	Error: Apache shutdown unexpectedly.
7:54:13 PM  [Apache] 	This may be due to a blocked port, missing dependencies, 
7:54:13 PM  [Apache] 	improper privileges, a crash, or a shutdown by another method.
7:54:13 PM  [Apache] 	Press the Logs button to view error logs and check
7:54:13 PM  [Apache] 	the Windows Event Viewer for more clues
7:54:13 PM  [Apache] 	If you need more help, copy and post this
7:54:13 PM  [Apache] 	entire log window on the forums
7:54:14 PM  [Apache] 	Status change detected: running
6:52:41 PM  [Apache] 	Status change detected: stopped
6:52:41 PM  [Apache] 	Error: Apache shutdown unexpectedly.
6:52:41 PM  [Apache] 	This may be due to a blocked port, missing dependencies, 
6:52:41 PM  [Apache] 	improper privileges, a crash, or a shutdown by another method.
6:52:41 PM  [Apache] 	Press the Logs button to view error logs and check
6:52:41 PM  [Apache] 	the Windows Event Viewer for more clues
6:52:41 PM  [Apache] 	If you need more help, copy and post this
6:52:41 PM  [Apache] 	entire log window on the forums
6:52:42 PM  [Apache] 	Status change detected: running
7:00:55 PM  [Apache] 	Status change detected: stopped
7:00:55 PM  [Apache] 	Error: Apache shutdown unexpectedly.
7:00:55 PM  [Apache] 	This may be due to a blocked port, missing dependencies, 
7:00:55 PM  [Apache] 	improper privileges, a crash, or a shutdown by another method.
7:00:55 PM  [Apache] 	Press the Logs button to view error logs and check
7:00:55 PM  [Apache] 	the Windows Event Viewer for more clues
7:00:55 PM  [Apache] 	If you need more help, copy and post this
7:00:55 PM  [Apache] 	entire log window on the forums
7:02:22 PM  [Apache] 	Status change detected: running
8:20:28 PM  [Apache] 	Status change detected: stopped
8:20:28 PM  [Apache] 	Error: Apache shutdown unexpectedly.
8:20:28 PM  [Apache] 	This may be due to a blocked port, missing dependencies, 
8:20:28 PM  [Apache] 	improper privileges, a crash, or a shutdown by another method.
8:20:28 PM  [Apache] 	Press the Logs button to view error logs and check
8:20:28 PM  [Apache] 	the Windows Event Viewer for more clues
8:20:28 PM  [Apache] 	If you need more help, copy and post this
8:20:28 PM  [Apache] 	entire log window on the forums
8:20:30 PM  [Apache] 	Status change detected: running
9:18:45 PM  [Apache] 	Status change detected: stopped
9:18:45 PM  [Apache] 	Error: Apache shutdown unexpectedly.
9:18:45 PM  [Apache] 	This may be due to a blocked port, missing dependencies, 
9:18:45 PM  [Apache] 	improper privileges, a crash, or a shutdown by another method.
9:18:45 PM  [Apache] 	Press the Logs button to view error logs and check
9:18:45 PM  [Apache] 	the Windows Event Viewer for more clues
9:18:45 PM  [Apache] 	If you need more help, copy and post this
9:18:45 PM  [Apache] 	entire log window on the forums
9:18:46 PM  [mysql] 	Status change detected: stopped
9:18:46 PM  [mysql] 	Error: MySQL shutdown unexpectedly.
9:18:46 PM  [mysql] 	This may be due to a blocked port, missing dependencies, 
9:18:46 PM  [mysql] 	improper privileges, a crash, or a shutdown by another method.
9:18:46 PM  [mysql] 	Press the Logs button to view error logs and check
9:18:46 PM  [mysql] 	the Windows Event Viewer for more clues
9:18:46 PM  [mysql] 	If you need more help, copy and post this
9:18:46 PM  [mysql] 	entire log window on the forums
3:14:59 PM  [Apache] 	Status change detected: running
3:15:11 PM  [mysql] 	Status change detected: running
9:11:04 PM  [main] 	Deinitializing Modules
9:11:04 PM  [main] 	Deinitializing Control Panel

