2015-11-10 15:26:56 10fc InnoDB: Warning: Using innodb_additional_mem_pool_size is DEPRECATED. This option may be removed in future releases, together with the option innodb_use_sys_malloc and with the InnoDB's internal memory allocator.
2015-11-10 15:26:56 4348 [Note] InnoDB: Using mutexes to ref count buffer pool pages
2015-11-10 15:26:56 4348 [Note] InnoDB: The InnoDB memory heap is disabled
2015-11-10 15:26:56 4348 [Note] InnoDB: Mutexes and rw_locks use Windows interlocked functions
2015-11-10 15:26:56 4348 [Note] InnoDB: Memory barrier is not used
2015-11-10 15:26:56 4348 [Note] InnoDB: Compressed tables use zlib 1.2.3
2015-11-10 15:26:56 4348 [Note] InnoDB: Not using CPU crc32 instructions
2015-11-10 15:26:56 4348 [Note] InnoDB: Initializing buffer pool, size = 16.0M
2015-11-10 15:26:56 4348 [Note] InnoDB: Completed initialization of buffer pool
2015-11-10 15:26:56 4348 [Note] InnoDB: Highest supported file format is Barracuda.
2015-11-10 15:26:57 4348 [Note] InnoDB: 128 rollback segment(s) are active.
2015-11-10 15:26:57 4348 [Note] InnoDB: Waiting for purge to start
2015-11-10 15:26:57 4348 [Note] InnoDB:  Percona XtraDB (http://www.percona.com) 5.6.26-74.0 started; log sequence number 1835027
2015-11-10 15:26:57 6140 [Note] InnoDB: Dumping buffer pool(s) not yet started
2015-11-10 15:26:57 4348 [Note] Plugin 'FEEDBACK' is disabled.
2015-11-10 15:26:57 4348 [Note] Server socket created on IP: '::'.
2015-11-10 15:26:57 4348 [Note] Event Scheduler: Loaded 0 events
2015-11-10 15:26:57 4348 [Note] C:\xampp\mysql\bin\mysqld.exe: ready for connections.
Version: '10.1.8-MariaDB'  socket: ''  port: 3306  mariadb.org binary distribution
2015-11-10 15:27:11 5152 [Note] C:\xampp\mysql\bin\mysqld.exe: Normal shutdown

2015-11-10 15:27:11 5152 [Note] Event Scheduler: Purging the queue. 0 events
2015-11-10 15:27:11 5732 [Note] InnoDB: FTS optimize thread exiting.
2015-11-10 15:27:11 5152 [Note] InnoDB: Starting shutdown...
2015-11-10 15:27:13 5152 [Note] InnoDB: Shutdown completed; log sequence number 1835037
2015-11-10 15:27:13 5152 [Note] C:\xampp\mysql\bin\mysqld.exe: Shutdown complete

2017-04-07 17:44:24 2c34 InnoDB: Warning: Using innodb_additional_mem_pool_size is DEPRECATED. This option may be removed in future releases, together with the option innodb_use_sys_malloc and with the InnoDB's internal memory allocator.
2017-04-07 17:44:24 11316 [Note] InnoDB: innodb_empty_free_list_algorithm has been changed to legacy because of small buffer pool size. In order to use backoff, increase buffer pool at least up to 20MB.

2017-04-07 17:44:24 11316 [Note] InnoDB: Using mutexes to ref count buffer pool pages
2017-04-07 17:44:24 11316 [Note] InnoDB: The InnoDB memory heap is disabled
2017-04-07 17:44:24 11316 [Note] InnoDB: Mutexes and rw_locks use Windows interlocked functions
2017-04-07 17:44:24 11316 [Note] InnoDB: _mm_lfence() and _mm_sfence() are used for memory barrier
2017-04-07 17:44:24 11316 [Note] InnoDB: Compressed tables use zlib 1.2.3
2017-04-07 17:44:24 11316 [Note] InnoDB: Using generic crc32 instructions
2017-04-07 17:44:24 11316 [Note] InnoDB: Initializing buffer pool, size = 16.0M
2017-04-07 17:44:24 11316 [Note] InnoDB: Completed initialization of buffer pool
2017-04-07 17:44:24 11316 [Note] InnoDB: Highest supported file format is Barracuda.
2017-04-07 17:44:25 11316 [Note] InnoDB: 128 rollback segment(s) are active.
2017-04-07 17:44:25 11316 [Note] InnoDB: Waiting for purge to start
2017-04-07 17:44:25 11316 [Note] InnoDB:  Percona XtraDB (http://www.percona.com) 5.6.34-79.1 started; log sequence number 1835037
2017-04-07 17:44:25 4092 [Note] InnoDB: Dumping buffer pool(s) not yet started
2017-04-07 17:44:25 11316 [Note] Plugin 'FEEDBACK' is disabled.
2017-04-07 17:44:25 11316 [Note] Server socket created on IP: '::'.
2017-04-07 17:44:26 11316 [Note] c:\xampp\mysql\bin\mysqld.exe: ready for connections.
Version: '10.1.21-MariaDB'  socket: ''  port: 3306  mariadb.org binary distribution
2017-04-07 17:46:27 444 InnoDB: Warning: Using innodb_additional_mem_pool_size is DEPRECATED. This option may be removed in future releases, together with the option innodb_use_sys_malloc and with the InnoDB's internal memory allocator.
2017-04-07 17:46:27 1092 [Note] InnoDB: innodb_empty_free_list_algorithm has been changed to legacy because of small buffer pool size. In order to use backoff, increase buffer pool at least up to 20MB.

2017-04-07 17:46:27 1092 [Note] InnoDB: Using mutexes to ref count buffer pool pages
2017-04-07 17:46:27 1092 [Note] InnoDB: The InnoDB memory heap is disabled
2017-04-07 17:46:27 1092 [Note] InnoDB: Mutexes and rw_locks use Windows interlocked functions
2017-04-07 17:46:27 1092 [Note] InnoDB: _mm_lfence() and _mm_sfence() are used for memory barrier
2017-04-07 17:46:27 1092 [Note] InnoDB: Compressed tables use zlib 1.2.3
2017-04-07 17:46:27 1092 [Note] InnoDB: Using generic crc32 instructions
2017-04-07 17:46:27 1092 [Note] InnoDB: Initializing buffer pool, size = 16.0M
2017-04-07 17:46:27 1092 [Note] InnoDB: Completed initialization of buffer pool
2017-04-07 17:46:27 1092 [Note] InnoDB: Highest supported file format is Barracuda.
2017-04-07 17:46:27 1092 [Note] InnoDB: The log sequence numbers 1835037 and 1835037 in ibdata files do not match the log sequence number 1835047 in the ib_logfiles!
2017-04-07 17:46:27 1092 [Note] InnoDB: Database was not shutdown normally!
2017-04-07 17:46:27 1092 [Note] InnoDB: Starting crash recovery.
2017-04-07 17:46:27 1092 [Note] InnoDB: Reading tablespace information from the .ibd files...
2017-04-07 17:46:28 1092 [Note] InnoDB: Restoring possible half-written data pages 
2017-04-07 17:46:28 1092 [Note] InnoDB: from the doublewrite buffer...
2017-04-07 17:46:30 1092 [Note] InnoDB: 128 rollback segment(s) are active.
2017-04-07 17:46:30 1092 [Note] InnoDB: Waiting for purge to start
2017-04-07 17:46:30 1092 [Note] InnoDB:  Percona XtraDB (http://www.percona.com) 5.6.34-79.1 started; log sequence number 1835047
2017-04-07 17:46:30 112 [Note] InnoDB: Dumping buffer pool(s) not yet started
2017-04-07 17:46:30 1092 [Note] Plugin 'FEEDBACK' is disabled.
2017-04-07 17:46:30 1092 [Note] Server socket created on IP: '::'.
2017-04-07 17:46:30 1092 [Note] c:\xampp\mysql\bin\mysqld.exe: ready for connections.
Version: '10.1.21-MariaDB'  socket: ''  port: 3306  mariadb.org binary distribution
2017-04-10 15:15:12 1550 InnoDB: Warning: Using innodb_additional_mem_pool_size is DEPRECATED. This option may be removed in future releases, together with the option innodb_use_sys_malloc and with the InnoDB's internal memory allocator.
2017-04-10 15:15:12 5456 [Note] InnoDB: innodb_empty_free_list_algorithm has been changed to legacy because of small buffer pool size. In order to use backoff, increase buffer pool at least up to 20MB.

2017-04-10 15:15:12 5456 [Note] InnoDB: Using mutexes to ref count buffer pool pages
2017-04-10 15:15:12 5456 [Note] InnoDB: The InnoDB memory heap is disabled
2017-04-10 15:15:12 5456 [Note] InnoDB: Mutexes and rw_locks use Windows interlocked functions
2017-04-10 15:15:12 5456 [Note] InnoDB: _mm_lfence() and _mm_sfence() are used for memory barrier
2017-04-10 15:15:12 5456 [Note] InnoDB: Compressed tables use zlib 1.2.3
2017-04-10 15:15:12 5456 [Note] InnoDB: Using generic crc32 instructions
2017-04-10 15:15:12 5456 [Note] InnoDB: Initializing buffer pool, size = 16.0M
2017-04-10 15:15:12 5456 [Note] InnoDB: Completed initialization of buffer pool
2017-04-10 15:15:12 5456 [Note] InnoDB: Highest supported file format is Barracuda.
2017-04-10 15:15:12 5456 [Note] InnoDB: The log sequence numbers 1835037 and 1835037 in ibdata files do not match the log sequence number 1949683 in the ib_logfiles!
2017-04-10 15:15:12 5456 [Note] InnoDB: Database was not shutdown normally!
2017-04-10 15:15:12 5456 [Note] InnoDB: Starting crash recovery.
2017-04-10 15:15:12 5456 [Note] InnoDB: Reading tablespace information from the .ibd files...
2017-04-10 15:15:13 5456 [Note] InnoDB: Restoring possible half-written data pages 
2017-04-10 15:15:13 5456 [Note] InnoDB: from the doublewrite buffer...
2017-04-10 15:15:14 5456 [Note] InnoDB: 128 rollback segment(s) are active.
2017-04-10 15:15:14 5456 [Note] InnoDB: Waiting for purge to start
2017-04-10 15:15:15 5456 [Note] InnoDB:  Percona XtraDB (http://www.percona.com) 5.6.34-79.1 started; log sequence number 1949683
2017-04-10 15:15:15 2212 [Note] InnoDB: Dumping buffer pool(s) not yet started
2017-04-10 15:15:15 5456 [Note] Plugin 'FEEDBACK' is disabled.
2017-04-10 15:15:15 5456 [Note] Server socket created on IP: '::'.
2017-04-10 15:15:16 5456 [Note] c:\xampp\mysql\bin\mysqld.exe: ready for connections.
Version: '10.1.21-MariaDB'  socket: ''  port: 3306  mariadb.org binary distribution
