[backblue.gif]
[fade.gif]
[index.html]
[3dr.com/assets/application-00797c48a5972127fe0a398a4e88c660fcc4bcd21234975431c55caa36b9fbc8.css]
[3dr.com/assets/application-a7bf769176291065a4ee8792a676fa71d4bb6f33052800621dec777a09483815.js]
[3dr.com/assets/icons/arrow-c59b58fe458dcdfe7cf6f6263cfebf634837917d9fd7fbd73d31a83acaca7ba7.png]
[3dr.com/assets/faa/practice_test/figure_25/main-57bc6a20997504c7dfe6d1e894e7811561453c502faadd4248a5f29a8ea0c65e.png]
[3dr.com/assets/faa/practice_test/sectional_legend-cb94b2493a47391b96791f85a9e4b6f365b14707eef1858412d46b2422fba0b0.png]
[3dr.com/faa/drone-practice-tests/2/index.html]
[3dr.com/faa/drone-practice-tests/3/index.html]
[3dr.com/faa/drone-practice-tests/4/index.html]
[3dr.com/faa/drone-practice-tests/5/index.html]
[3dr.com/assets/faa/practice_test/figure_20/main-7bb39947fef2e22d315ec0cc555cad991fa39b6782cfd7875796894340f3ae68.png]
[3dr.com/faa/drone-practice-tests/index.html]
[3dr.com/faa/drone-practice-tests/6/index.html]
[3dr.com/faa/drone-practice-tests/7/index.html]
[www.googletagmanager.com/gtm5445.html]
[3dr.com/faa/drone-practice-tests/8/index.html]
[3dr.com/faa/drone-practice-tests/9/index.html]
[3dr.com/assets/merriweather-regular-webfont-7addb54ba74fb2155237810b9fb8901a97e564d311709266f85e5a583b372919d41d.eot]
[3dr.com/faa/drone-practice-tests/13/index.html]
[3dr.com/faa/drone-practice-tests/11/index.html]
[3dr.com/faa/drone-practice-tests/12/index.html]
[3dr.com/faa/drone-practice-tests/14/index.html]
[3dr.com/faa/drone-practice-tests/15/index.html]
[3dr.com/assets/merriweather-regular-webfont-21d73fd4cec29e1da6be5fee6eb3b2000b059ea51481a11f4d4e9cb1f5f88b05.woff2]
[3dr.com/faa/drone-practice-tests/16/index.html]
[3dr.com/faa/drone-practice-tests/17/index.html]
[3dr.com/faa/drone-practice-tests/18/index.html]
[3dr.com/faa/drone-practice-tests/19/index.html]
[3dr.com/assets/merriweather-regular-webfont-5512f5c273aabe6506d23459f5060d4ff8c21153c5a8fc9bb060f3d3d548e1d9.woff]
[3dr.com/assets/merriweather-light-webfont-dac86305ca49ee1e6d060a053c96402c6bedb0e40617fdbdfcc8bf6df56359a7.eot]
[3dr.com/faa/drone-practice-tests/24/index.html]
[3dr.com/faa/drone-practice-tests/22/index.html]
[3dr.com/assets/merriweather-light-webfont-dac86305ca49ee1e6d060a053c96402c6bedb0e40617fdbdfcc8bf6df56359a7d41d.eot]
[3dr.com/faa/drone-practice-tests/23/index.html]
[3dr.com/faa/drone-practice-tests/25/index.html]
[3dr.com/assets/merriweather-light-webfont-6ffe002878822677cff44f0500da094a2dbf52d944f77b005a8435a6a15449b1.woff2]
[3dr.com/faa/drone-practice-tests/26/index.html]
[3dr.com/assets/merriweather-light-webfont-e5466c752742a7ecbed803aca4292f477090b7a8a06c9b0fbe4017268f51c137.woff]
[3dr.com/assets/merriweather-light-webfont-8748acda8c37dabf14fe75f3f580a0d64b8a0ab03280ef11c4301649dee639ad.ttf]
[3dr.com/assets/merriweather-light-webfont-7f11eedf019b044812b867eddc3c33b13e29c009194b7bb2afdb66a44ed9f3f8.svg]
[3dr.com/assets/opensans-semibold-webfont-77e92d9d8d82da65904614330f18897fec5c8cc75a9384b67750ea339b66834d.eot]
[3dr.com/assets/opensans-semibold-webfont-77e92d9d8d82da65904614330f18897fec5c8cc75a9384b67750ea339b66834dd41d.eot]
[3dr.com/assets/opensans-semibold-webfont-81a46a6ed66f570792c2163ef68c6885fd6f0886ddede43e8c504d157ed87931.woff2]
[3dr.com/assets/opensans-semibold-webfont-99db1b751dac8136b83dab6f5dafd3f8a688382b580d1a856821ab1c11fc896e.woff]
[3dr.com/assets/opensans-semibold-webfont-f69fac7e619e652b981847fd2872be68bb75f04c2078bf4ab02d88bd42287098.ttf]
[3dr.com/assets/opensans-semibold-webfont-3fafbfb76c8473b8303861ba5be4dae97ae767c4fd33a542d542775a353eed3b.svg]
[3dr.com/assets/opensans-regular-webfont-b244caf412da9a350a64700b02f7582cf7340de9fe2cc21c6a1b07e7964c94d3.eot]
[3dr.com/assets/opensans-regular-webfont-b244caf412da9a350a64700b02f7582cf7340de9fe2cc21c6a1b07e7964c94d3d41d.eot]
[3dr.com/assets/opensans-regular-webfont-7d35afdf10d2277956b0873079840ac06445909ddc2ac0d5d0424cefcaaa15f9.woff2]
[3dr.com/assets/opensans-regular-webfont-ea64718c324c9101b52ced05ccf6c13f30372857ad61e0f6c05ec0d6bc7279a3.woff]
[3dr.com/assets/opensans-regular-webfont-0132f04a1b41936b272be00aa476f2efaaaa7c4332aac9629064d9cd2d0f9d13.ttf]
[3dr.com/assets/opensans-regular-webfont-82f991ee859b117d067c179a9a875194a547f4ce390615b3d60957c3ce03c5bd.svg]
[3dr.com/assets/opensans-light-webfont-5ba8b8e434ee8de7f901a00094d90acacf46624292b3156311de97c6b84eb6f7.eot]
[3dr.com/assets/opensans-light-webfont-5ba8b8e434ee8de7f901a00094d90acacf46624292b3156311de97c6b84eb6f7d41d.eot]
[3dr.com/assets/opensans-light-webfont-8bc2998cf7fc8934ac90468f4488175f8fbaf16d74bed14d71808f222c80d8dc.woff2]
[3dr.com/assets/opensans-light-webfont-48bc168b845b707d83112f4082e490f945b8f05d449c221f52032b6963ac35c7.woff]
[3dr.com/assets/opensans-light-webfont-2a7163b0bc40a3222a3ef7836f435d6363ade1f81eeb22508cca0da47f7b4ff5.ttf]
[3dr.com/assets/opensans-light-webfont-7929982bcf55677e0c85c7ea0cb4c31a3e986035f713d72506e4dedc94ebb4d6.svg]
[3dr.com/assets/merriweather-bold-aa49d7c9dc30727f9fd8c710ad15342180d8d5c3d48ebd311ca19bd2c3bb2287.woff2]
[3dr.com/assets/bootstrap/glyphicons-halflings-regular-13634da87d9e23f8c3ed9108ce1724d183a39ad072e73e1b3d8cbf646d2d0407.eot]
[3dr.com/assets/bootstrap/glyphicons-halflings-regular-13634da87d9e23f8c3ed9108ce1724d183a39ad072e73e1b3d8cbf646d2d0407d41d.eot]
[3dr.com/assets/bootstrap/glyphicons-halflings-regular-fe185d11a49676890d47bb783312a0cda5a44c4039214094e7957b4c040ef11c.woff2]
[3dr.com/assets/bootstrap/glyphicons-halflings-regular-a26394f7ede100ca118eff2eda08596275a9839b959c226e15439557a5a80742.woff]
[3dr.com/assets/bootstrap/glyphicons-halflings-regular-e395044093757d82afcb138957d06a1ea9361bdcf0b442d06a18a8051af57456.ttf]
[3dr.com/assets/bootstrap/glyphicons-halflings-regular-42f60659d265c1a3c30f9fa42abcbb56bd4a53af4d83d316d6dd7a36903c43e5.svg]
[3dr.com/assets/3drobotics_web-4b73981c5630db982f1c27ec5c6c5c8f8474f35d73b0c8719a102f1ca2dec88e.eot]
[3dr.com/assets/3drobotics_web-4b73981c5630db982f1c27ec5c6c5c8f8474f35d73b0c8719a102f1ca2dec88ed41d.eot]
[3dr.com/assets/3drobotics_web-70ccbb592a7db988db3c361609a0d162c55368ff9aa9c6e0728b8259970d237e.woff]
[3dr.com/assets/3drobotics_web-d087092bca50773cc3c897f7e513e6ba0b14b93d67319ed754f6514243e69b98.ttf]
[3dr.com/assets/nav/check-fa7cb0ffde5ce9dbe2222c7b1bed16a205e94355796f260789bb8fbbcab921bb.png]
[3dr.com/assets/enterprise/avatar_spot.png]
[3dr.com/wp-content/uploads/2015/03/selfie_only.png]
[3dr.com/wp-content/uploads/2015/04/SelfieOver.png]
[3dr.com/img/ajax-loader.gif]
[3dr.com/assets/fontawesome-webfont-e219ece8f4d3e4ac455ef31cd3a7c7b5057ea68a109937fc26b03c6e99ee93223295.eot]
[3dr.com/assets/fontawesome-webfont-e219ece8f4d3e4ac455ef31cd3a7c7b5057ea68a109937fc26b03c6e99ee9322d41d.eot]
[3dr.com/assets/fontawesome-webfont-ff82aeed6b9bb6701696c84d1b223d2e682eb78c89117a438ce6cfea8c4989953295.woff2]
[3dr.com/assets/fontawesome-webfont-c812ddc9e475d3e65d68a6b3b589ce598a2a5babb7afc55477d59215c4a38a403295.woff]
[3dr.com/assets/fontawesome-webfont-7b5a4320fba0d4c8f79327645b4b9cc875a2ec617a557e849b813918eb7334993295.ttf]
[3dr.com/assets/application-00797c48a5972127fe0a398a4e88c660fcc4bcd21234975431c55caa36b9fbc8.css]
[3dr.com/faa/drone-practice-tests/2/index.html]
[3dr.com/assets/fontawesome-webfont-d67041fe5d50eef9ef671643968f7ce6b130eaaaaa2ce4d496b18d0a33aeb87b3295.svg]
[3dr.com/assets/faa/practice_test/figure_15/main-9a47406eb4502bdf2bf63d153970e04c9c9375c955f1fc5f54031e38e2395bad.png]
[3dr.com/faa/drone-practice-tests/3/index.html]
[3dr.com/assets/faa/practice_test/figure_21/main-310f135d42123ac9656452743e4d40276598dbb31a45d091f472d322dadc7f36.png]
[3dr.com/assets/faa/practice_test/figure_23/area_3-0cd5af320bc2f5cebbfff55b4b5c7490f923371e35cb9e2d3ea5c552df7d44b8.png]
[3dr.com/faa/drone-practice-tests/4/index.html]
[3dr.com/faa/drone-practice-tests/5/index.html]
[3dr.com/assets/faa/practice_test/figure_22/main-59e73d0ce68fcab9527e721d776f74bd35c9783517ac70e9fbc530d2f7b584a7.png]
[3dr.com/assets/faa/practice_test/figure_2/main-08aec798e611ae97212586f5e0fb9366d877818523df8aaba1a75f1c8597b872.png]
[3dr.com/faa/drone-practice-tests/6/index.html]
[3dr.com/assets/faa/practice_test/figure_25/area2-075d3f95fa650447df66f4db7be9a4f3ff0cb980b777463f18740610123dd856.png]
[3dr.com/faa/drone-practice-tests/7/index.html]
[3dr.com/assets/faa/practice_test/figure_12/main-e6a3de88341124b9dd2787199ee97941ea91ed730d5ce57c6bdb08efeb34659f.png]
[3dr.com/faa/drone-practice-tests/8/index.html]
[3dr.com/assets/faa/practice_test/figure_26/main-23f81c5aa1fa0a31c0bc01f38eda96971578c77425a661434cb9515d4782e96a.png]
[3dr.com/assets/faa/practice_test/figure_26/area_2-48e97a9dcef1f00fe6791c0cbf6a9cf0aedae4c025f8b8ad696b852cac38eb37.png]
[3dr.com/faa/drone-practice-tests/9/index.html]
[3dr.com/faa/drone-practice-tests/11/index.html]
[3dr.com/faa/drone-practice-tests/12/index.html]
[3dr.com/faa/drone-practice-tests/13/index.html]
[3dr.com/assets/faa/practice_test/figure_22/area_2-e763a0c6d57e61f8766e0f5059568618a209db497ca1629e5f97f96336d77bee.png]
[3dr.com/faa/drone-practice-tests/14/index.html]
[3dr.com/faa/drone-practice-tests/15/index.html]
[3dr.com/assets/faa/practice_test/figure_21/area_2-f6dcdf188614931df67f59b71f4ad4a05b0839255d29c45f3c25813450e308ed.png]
[3dr.com/faa/drone-practice-tests/17/index.html]
[3dr.com/faa/drone-practice-tests/18/index.html]
[3dr.com/faa/drone-practice-tests/19/index.html]
[3dr.com/faa/drone-practice-tests/22/index.html]
[3dr.com/faa/drone-practice-tests/23/index.html]
[3dr.com/faa/drone-practice-tests/24/index.html]
[3dr.com/faa/drone-practice-tests/25/index.html]
[3dr.com/faa/drone-practice-tests/26/index.html]
[3dr.com/assets/faa/practice_test/figure_25/main-57bc6a20997504c7dfe6d1e894e7811561453c502faadd4248a5f29a8ea0c65e.png]
[3dr.com/assets/faa/practice_test/figure_20/main-7bb39947fef2e22d315ec0cc555cad991fa39b6782cfd7875796894340f3ae68.png]
[3dr.com/assets/merriweather-regular-webfont-7addb54ba74fb2155237810b9fb8901a97e564d311709266f85e5a583b372919.eot]
[3dr.com/assets/merriweather-regular-webfont-32d5b6def7ee2a00514e6de8cef74604f650d32917ccab9289f510e5066605be.ttf]
[3dr.com/assets/merriweather-light-webfont-7f11eedf019b044812b867eddc3c33b13e29c009194b7bb2afdb66a44ed9f3f8.svg]
[3dr.com/assets/opensans-semibold-webfont-3fafbfb76c8473b8303861ba5be4dae97ae767c4fd33a542d542775a353eed3b.svg]
[3dr.com/assets/opensans-regular-webfont-82f991ee859b117d067c179a9a875194a547f4ce390615b3d60957c3ce03c5bd.svg]
[3dr.com/assets/opensans-light-webfont-7929982bcf55677e0c85c7ea0cb4c31a3e986035f713d72506e4dedc94ebb4d6.svg]
[3dr.com/assets/bootstrap/glyphicons-halflings-regular-42f60659d265c1a3c30f9fa42abcbb56bd4a53af4d83d316d6dd7a36903c43e5.svg]
[3dr.com/assets/enterprise/avatar_spot.html]
[3dr.com/img/ajax-loader.html]
[3dr.com/assets/fontawesome-webfont-d67041fe5d50eef9ef671643968f7ce6b130eaaaaa2ce4d496b18d0a33aeb87b3295.svg]
[3dr.com/assets/merriweather-regular-webfont-e2760f09c5816b79ad0f183545626a62806168e2ca0e6d18f4ebf37bd9102c8b.svg]
[3dr.com/faa/drone-practice-tests/16/index.html]
[3dr.com/faa/drone-practice-tests/10/index.html]
[3dr.com/assets/faa/practice_test/figure_20/area_3-aa15ef8c2343ca13744a76f57b91e9d19bcd9fc43674945df6d6139415ded1da.png]
[3dr.com/faa/drone-practice-tests/10/index.html]
[3dr.com/faa/drone-practice-tests/16/index.html]
[3dr.com/faa/drone-practice-tests/20/index.html]
[3dr.com/faa/drone-practice-tests/21/index.html]
[3dr.com/assets/faa/practice_test/figure_25/main-57bc6a20997504c7dfe6d1e894e7811561453c502faadd4248a5f29a8ea0c65e.png]
[3dr.com/assets/merriweather-regular-webfont-e2760f09c5816b79ad0f183545626a62806168e2ca0e6d18f4ebf37bd9102c8b.svg]
[3dr.com/assets/faa/practice_test/figure_20/main-7bb39947fef2e22d315ec0cc555cad991fa39b6782cfd7875796894340f3ae68.png]
[3dr.com/faa/drone-practice-tests/16/index.html]
[3dr.com/faa/drone-practice-tests/20/index.html]
[3dr.com/assets/faa/practice_test/figure_26/area_4-9f8fa2da8df9c5610fe6a840208c31e4997f61eda53f29bff65785bf8d59bc30.png]
[3dr.com/faa/drone-practice-tests/21/index.html]
